Build started 5/26/2017 3:04:07 PM.
     1>Project "E:\GameHack\Base & Tools\Base\VS2010\XFilesEngine\XFilesPBFramework\XFilesPBFramework\XFilesPBFramework.vcxproj" on node 2 (build target(s)).
     1>InitializeBuildStatus:
         Creating "Debug\XFilesPBFramework.unsuccessfulbuild" because "AlwaysCreate" was specified.
       ClCompile:
         C:\Program Files (x86)\Microsoft Visual Studio 10.0\VC\bin\CL.exe /c /ZI /nologo /W3 /WX- /Od /Oy- /D _MBCS /Gm /EHsc /RTC1 /MDd /GS /fp:precise /Zc:wchar_t /Zc:forScope /Fo"Debug\\" /Fd"Debug\vc100.pdb" /Gd /TP /analyze- /errorReport:prompt Main.cpp
         Main.cpp
       Link:
         C:\Program Files (x86)\Microsoft Visual Studio 10.0\VC\bin\link.exe /ERRORREPORT:PROMPT /OUT:"E:\GameHack\Base & Tools\Base\VS2010\XFilesEngine\XFilesPBFramework\Debug\XFilesPBFramework.exe" /NOLOGO kernel32.lib user32.lib gdi32.lib winspool.lib comdlg32.lib advapi32.lib shell32.lib ole32.lib oleaut32.lib uuid.lib odbc32.lib odbccp32.lib /MANIFEST /ManifestFile:"Debug\XFilesPBFramework.exe.intermediate.manifest" /MANIFESTUAC:"level='asInvoker' uiAccess='false'" /DEBUG /PDB:"E:\GameHack\Base & Tools\Base\VS2010\XFilesEngine\XFilesPBFramework\Debug\XFilesPBFramework.pdb" /TLBID:1 /DYNAMICBASE /NXCOMPAT /IMPLIB:"E:\GameHack\Base & Tools\Base\VS2010\XFilesEngine\XFilesPBFramework\Debug\XFilesPBFramework.lib" /MACHINE:X86 Debug\base64.obj
         Debug\Main.obj
         LINK : E:\GameHack\Base & Tools\Base\VS2010\XFilesEngine\XFilesPBFramework\Debug\XFilesPBFramework.exe not found or not built by the last incremental link; performing full link
            Creating library E:\GameHack\Base & Tools\Base\VS2010\XFilesEngine\XFilesPBFramework\Debug\XFilesPBFramework.lib and object E:\GameHack\Base & Tools\Base\VS2010\XFilesEngine\XFilesPBFramework\Debug\XFilesPBFramework.exp
     1>LINK : fatal error LNK1561: entry point must be defined
     1>Done Building Project "E:\GameHack\Base & Tools\Base\VS2010\XFilesEngine\XFilesPBFramework\XFilesPBFramework\XFilesPBFramework.vcxproj" (build target(s)) -- FAILED.

Build FAILED.

Time Elapsed 00:00:02.46
